[2025-10-21T04:15:01.779+0000] {local_task_job_runner.py:120} INFO - ::group::Pre task execution logs
[2025-10-21T04:15:01.801+0000] {taskinstance.py:2076} INFO - Dependencies all met for dep_context=non-requeueable deps ti=<TaskInstance: minio_to_snowflake.load_snowflake scheduled__2025-10-20T22:00:00+00:00 [queued]>
[2025-10-21T04:15:01.806+0000] {taskinstance.py:2076} INFO - Dependencies all met for dep_context=requeueable deps ti=<TaskInstance: minio_to_snowflake.load_snowflake scheduled__2025-10-20T22:00:00+00:00 [queued]>
[2025-10-21T04:15:01.806+0000] {taskinstance.py:2306} INFO - Starting attempt 2 of 2
[2025-10-21T04:15:01.815+0000] {taskinstance.py:2330} INFO - Executing <Task(PythonOperator): load_snowflake> on 2025-10-20 22:00:00+00:00
[2025-10-21T04:15:01.820+0000] {standard_task_runner.py:90} INFO - Running: ['***', 'tasks', 'run', 'minio_to_snowflake', 'load_snowflake', 'scheduled__2025-10-20T22:00:00+00:00', '--job-id', '82', '--raw', '--subdir', 'DAGS_FOLDER/minio_to_snowflake.py', '--cfg-path', '/tmp/tmp8b8t_h4i']
[2025-10-21T04:15:01.823+0000] {standard_task_runner.py:91} INFO - Job 82: Subtask load_snowflake
[2025-10-21T04:15:01.822+0000] {logging_mixin.py:188} WARNING - /home/***/.local/lib/python3.12/site-packages/***/task/task_runner/standard_task_runner.py:62 DeprecationWarning: This process (pid=53639) is multi-threaded, use of fork() may lead to deadlocks in the child.
[2025-10-21T04:15:01.824+0000] {standard_task_runner.py:64} INFO - Started process 53649 to run task
[2025-10-21T04:15:01.859+0000] {task_command.py:426} INFO - Running <TaskInstance: minio_to_snowflake.load_snowflake scheduled__2025-10-20T22:00:00+00:00 [running]> on host 247b7821f06b
[2025-10-21T04:15:01.922+0000] {taskinstance.py:2648} INFO - Exporting env vars: AIRFLOW_CTX_DAG_EMAIL='jupudimanoj74@gmail.com' AIRFLOW_CTX_DAG_OWNER='***' AIRFLOW_CTX_DAG_ID='minio_to_snowflake' AIRFLOW_CTX_TASK_ID='load_snowflake' AIRFLOW_CTX_EXECUTION_DATE='2025-10-20T22:00:00+00:00' AIRFLOW_CTX_TRY_NUMBER='2' AIRFLOW_CTX_DAG_RUN_ID='scheduled__2025-10-20T22:00:00+00:00'
[2025-10-21T04:15:01.922+0000] {taskinstance.py:430} INFO - ::endgroup::
[2025-10-21T04:15:01.942+0000] {connection.py:408} INFO - Snowflake Connector for Python Version: 3.11.0, Python Version: 3.12.4, Platform: Linux-6.10.14-linuxkit-aarch64-with-glibc2.36
[2025-10-21T04:15:01.942+0000] {connection.py:1258} INFO - This connection is in OCSP Fail Open Mode. TLS Certificates would be checked for validity and revocation status. Any other Certificate Revocation related exceptions or OCSP Responder failures would be disregarded in favor of connectivity.
[2025-10-21T04:15:03.950+0000] {logging_mixin.py:188} INFO - Uploaded /tmp/minio_downloads/1760974267.json to Snowflake stage
[2025-10-21T04:15:04.267+0000] {logging_mixin.py:188} INFO - Uploaded /tmp/minio_downloads/1760974274.json to Snowflake stage
[2025-10-21T04:15:04.406+0000] {logging_mixin.py:188} INFO - Uploaded /tmp/minio_downloads/1760974282.json to Snowflake stage
[2025-10-21T04:15:04.584+0000] {logging_mixin.py:188} INFO - Uploaded /tmp/minio_downloads/1760974289.json to Snowflake stage
[2025-10-21T04:15:04.735+0000] {logging_mixin.py:188} INFO - Uploaded /tmp/minio_downloads/1760974296.json to Snowflake stage
[2025-10-21T04:15:04.933+0000] {logging_mixin.py:188} INFO - Uploaded /tmp/minio_downloads/1760974303.json to Snowflake stage
[2025-10-21T04:15:05.077+0000] {logging_mixin.py:188} INFO - Uploaded /tmp/minio_downloads/1760974311.json to Snowflake stage
[2025-10-21T04:15:05.557+0000] {logging_mixin.py:188} INFO - Uploaded /tmp/minio_downloads/1760974318.json to Snowflake stage
[2025-10-21T04:15:05.764+0000] {logging_mixin.py:188} INFO - Uploaded /tmp/minio_downloads/1760974325.json to Snowflake stage
[2025-10-21T04:15:05.922+0000] {logging_mixin.py:188} INFO - Uploaded /tmp/minio_downloads/1760976264.json to Snowflake stage
[2025-10-21T04:15:06.100+0000] {logging_mixin.py:188} INFO - Uploaded /tmp/minio_downloads/1760976271.json to Snowflake stage
[2025-10-21T04:15:06.482+0000] {logging_mixin.py:188} INFO - Uploaded /tmp/minio_downloads/1760976279.json to Snowflake stage
[2025-10-21T04:15:06.629+0000] {logging_mixin.py:188} INFO - Uploaded /tmp/minio_downloads/1760976286.json to Snowflake stage
[2025-10-21T04:15:06.777+0000] {logging_mixin.py:188} INFO - Uploaded /tmp/minio_downloads/1760976293.json to Snowflake stage
[2025-10-21T04:15:06.918+0000] {logging_mixin.py:188} INFO - Uploaded /tmp/minio_downloads/1760976300.json to Snowflake stage
[2025-10-21T04:15:07.135+0000] {logging_mixin.py:188} INFO - Uploaded /tmp/minio_downloads/1760976308.json to Snowflake stage
[2025-10-21T04:15:07.313+0000] {logging_mixin.py:188} INFO - Uploaded /tmp/minio_downloads/1760976315.json to Snowflake stage
[2025-10-21T04:15:07.467+0000] {logging_mixin.py:188} INFO - Uploaded /tmp/minio_downloads/1760976322.json to Snowflake stage
[2025-10-21T04:15:07.616+0000] {logging_mixin.py:188} INFO - Uploaded /tmp/minio_downloads/1760976329.json to Snowflake stage
[2025-10-21T04:15:07.756+0000] {logging_mixin.py:188} INFO - Uploaded /tmp/minio_downloads/1760976336.json to Snowflake stage
[2025-10-21T04:15:07.952+0000] {logging_mixin.py:188} INFO - Uploaded /tmp/minio_downloads/1760976343.json to Snowflake stage
[2025-10-21T04:15:08.095+0000] {logging_mixin.py:188} INFO - Uploaded /tmp/minio_downloads/1760976351.json to Snowflake stage
[2025-10-21T04:15:08.216+0000] {logging_mixin.py:188} INFO - Uploaded /tmp/minio_downloads/1760976358.json to Snowflake stage
[2025-10-21T04:15:08.386+0000] {logging_mixin.py:188} INFO - Uploaded /tmp/minio_downloads/1760976365.json to Snowflake stage
[2025-10-21T04:15:08.533+0000] {logging_mixin.py:188} INFO - Uploaded /tmp/minio_downloads/1760976372.json to Snowflake stage
[2025-10-21T04:15:08.685+0000] {logging_mixin.py:188} INFO - Uploaded /tmp/minio_downloads/1760976379.json to Snowflake stage
[2025-10-21T04:15:08.866+0000] {logging_mixin.py:188} INFO - Uploaded /tmp/minio_downloads/1760976386.json to Snowflake stage
[2025-10-21T04:15:09.036+0000] {logging_mixin.py:188} INFO - Uploaded /tmp/minio_downloads/1760976393.json to Snowflake stage
[2025-10-21T04:15:09.164+0000] {logging_mixin.py:188} INFO - Uploaded /tmp/minio_downloads/1760976401.json to Snowflake stage
[2025-10-21T04:15:09.301+0000] {logging_mixin.py:188} INFO - Uploaded /tmp/minio_downloads/1760976408.json to Snowflake stage
[2025-10-21T04:15:09.454+0000] {logging_mixin.py:188} INFO - Uploaded /tmp/minio_downloads/1760976415.json to Snowflake stage
[2025-10-21T04:15:09.598+0000] {logging_mixin.py:188} INFO - Uploaded /tmp/minio_downloads/1760976422.json to Snowflake stage
[2025-10-21T04:15:09.734+0000] {logging_mixin.py:188} INFO - Uploaded /tmp/minio_downloads/1760976429.json to Snowflake stage
[2025-10-21T04:15:09.879+0000] {logging_mixin.py:188} INFO - Uploaded /tmp/minio_downloads/1760976436.json to Snowflake stage
[2025-10-21T04:15:10.079+0000] {logging_mixin.py:188} INFO - Uploaded /tmp/minio_downloads/1760976444.json to Snowflake stage
[2025-10-21T04:15:10.228+0000] {logging_mixin.py:188} INFO - Uploaded /tmp/minio_downloads/1760976451.json to Snowflake stage
[2025-10-21T04:15:10.377+0000] {logging_mixin.py:188} INFO - Uploaded /tmp/minio_downloads/1760976458.json to Snowflake stage
[2025-10-21T04:15:10.516+0000] {logging_mixin.py:188} INFO - Uploaded /tmp/minio_downloads/1760976465.json to Snowflake stage
[2025-10-21T04:15:10.669+0000] {logging_mixin.py:188} INFO - Uploaded /tmp/minio_downloads/1760976472.json to Snowflake stage
[2025-10-21T04:15:10.870+0000] {logging_mixin.py:188} INFO - Uploaded /tmp/minio_downloads/1760976480.json to Snowflake stage
[2025-10-21T04:15:11.022+0000] {logging_mixin.py:188} INFO - Uploaded /tmp/minio_downloads/1760976487.json to Snowflake stage
[2025-10-21T04:15:11.176+0000] {logging_mixin.py:188} INFO - Uploaded /tmp/minio_downloads/1760976494.json to Snowflake stage
[2025-10-21T04:15:11.303+0000] {logging_mixin.py:188} INFO - Uploaded /tmp/minio_downloads/1760976501.json to Snowflake stage
[2025-10-21T04:15:11.464+0000] {logging_mixin.py:188} INFO - Uploaded /tmp/minio_downloads/1760976508.json to Snowflake stage
[2025-10-21T04:15:11.704+0000] {logging_mixin.py:188} INFO - Uploaded /tmp/minio_downloads/1760976516.json to Snowflake stage
[2025-10-21T04:15:11.895+0000] {logging_mixin.py:188} INFO - Uploaded /tmp/minio_downloads/1760976523.json to Snowflake stage
[2025-10-21T04:15:12.017+0000] {logging_mixin.py:188} INFO - Uploaded /tmp/minio_downloads/1760976530.json to Snowflake stage
[2025-10-21T04:15:12.190+0000] {logging_mixin.py:188} INFO - Uploaded /tmp/minio_downloads/1760976537.json to Snowflake stage
[2025-10-21T04:15:12.344+0000] {logging_mixin.py:188} INFO - Uploaded /tmp/minio_downloads/1760976544.json to Snowflake stage
[2025-10-21T04:15:12.507+0000] {logging_mixin.py:188} INFO - Uploaded /tmp/minio_downloads/1760976551.json to Snowflake stage
[2025-10-21T04:15:12.703+0000] {logging_mixin.py:188} INFO - Uploaded /tmp/minio_downloads/1760976559.json to Snowflake stage
[2025-10-21T04:15:12.897+0000] {logging_mixin.py:188} INFO - Uploaded /tmp/minio_downloads/1760976566.json to Snowflake stage
[2025-10-21T04:15:13.024+0000] {logging_mixin.py:188} INFO - Uploaded /tmp/minio_downloads/1760976573.json to Snowflake stage
[2025-10-21T04:15:13.168+0000] {logging_mixin.py:188} INFO - Uploaded /tmp/minio_downloads/1760976580.json to Snowflake stage
[2025-10-21T04:15:13.858+0000] {logging_mixin.py:188} INFO - Uploaded /tmp/minio_downloads/1760976587.json to Snowflake stage
[2025-10-21T04:15:14.146+0000] {logging_mixin.py:188} INFO - Uploaded /tmp/minio_downloads/1760976594.json to Snowflake stage
[2025-10-21T04:15:14.295+0000] {logging_mixin.py:188} INFO - Uploaded /tmp/minio_downloads/1760976601.json to Snowflake stage
[2025-10-21T04:15:14.445+0000] {logging_mixin.py:188} INFO - Uploaded /tmp/minio_downloads/1760976609.json to Snowflake stage
[2025-10-21T04:15:14.634+0000] {logging_mixin.py:188} INFO - Uploaded /tmp/minio_downloads/1760976616.json to Snowflake stage
[2025-10-21T04:15:14.769+0000] {logging_mixin.py:188} INFO - Uploaded /tmp/minio_downloads/1760976623.json to Snowflake stage
[2025-10-21T04:15:14.901+0000] {logging_mixin.py:188} INFO - Uploaded /tmp/minio_downloads/1760976630.json to Snowflake stage
[2025-10-21T04:15:15.038+0000] {logging_mixin.py:188} INFO - Uploaded /tmp/minio_downloads/1760976638.json to Snowflake stage
[2025-10-21T04:15:15.212+0000] {logging_mixin.py:188} INFO - Uploaded /tmp/minio_downloads/1760976645.json to Snowflake stage
[2025-10-21T04:15:15.365+0000] {logging_mixin.py:188} INFO - Uploaded /tmp/minio_downloads/1760976652.json to Snowflake stage
[2025-10-21T04:15:15.543+0000] {logging_mixin.py:188} INFO - Uploaded /tmp/minio_downloads/1760976660.json to Snowflake stage
[2025-10-21T04:15:15.686+0000] {logging_mixin.py:188} INFO - Uploaded /tmp/minio_downloads/1760976667.json to Snowflake stage
[2025-10-21T04:15:15.854+0000] {logging_mixin.py:188} INFO - Uploaded /tmp/minio_downloads/1760976674.json to Snowflake stage
[2025-10-21T04:15:16.015+0000] {logging_mixin.py:188} INFO - Uploaded /tmp/minio_downloads/1760976681.json to Snowflake stage
[2025-10-21T04:15:16.178+0000] {logging_mixin.py:188} INFO - Uploaded /tmp/minio_downloads/1760976689.json to Snowflake stage
[2025-10-21T04:15:16.370+0000] {logging_mixin.py:188} INFO - Uploaded /tmp/minio_downloads/1760976696.json to Snowflake stage
[2025-10-21T04:15:16.500+0000] {logging_mixin.py:188} INFO - Uploaded /tmp/minio_downloads/1760976703.json to Snowflake stage
[2025-10-21T04:15:16.648+0000] {logging_mixin.py:188} INFO - Uploaded /tmp/minio_downloads/1760976710.json to Snowflake stage
[2025-10-21T04:15:16.792+0000] {logging_mixin.py:188} INFO - Uploaded /tmp/minio_downloads/1760976718.json to Snowflake stage
[2025-10-21T04:15:16.934+0000] {logging_mixin.py:188} INFO - Uploaded /tmp/minio_downloads/1760976725.json to Snowflake stage
[2025-10-21T04:15:17.066+0000] {logging_mixin.py:188} INFO - Uploaded /tmp/minio_downloads/1760976732.json to Snowflake stage
[2025-10-21T04:15:17.217+0000] {logging_mixin.py:188} INFO - Uploaded /tmp/minio_downloads/1760976739.json to Snowflake stage
[2025-10-21T04:15:17.392+0000] {logging_mixin.py:188} INFO - Uploaded /tmp/minio_downloads/1760976746.json to Snowflake stage
[2025-10-21T04:15:17.549+0000] {logging_mixin.py:188} INFO - Uploaded /tmp/minio_downloads/1760976754.json to Snowflake stage
[2025-10-21T04:15:17.697+0000] {logging_mixin.py:188} INFO - Uploaded /tmp/minio_downloads/1760976761.json to Snowflake stage
[2025-10-21T04:15:17.846+0000] {logging_mixin.py:188} INFO - Uploaded /tmp/minio_downloads/1760976768.json to Snowflake stage
[2025-10-21T04:15:17.987+0000] {logging_mixin.py:188} INFO - Uploaded /tmp/minio_downloads/1760976776.json to Snowflake stage
[2025-10-21T04:15:18.171+0000] {logging_mixin.py:188} INFO - Uploaded /tmp/minio_downloads/1760976783.json to Snowflake stage
[2025-10-21T04:15:18.318+0000] {logging_mixin.py:188} INFO - Uploaded /tmp/minio_downloads/1760976790.json to Snowflake stage
[2025-10-21T04:15:18.486+0000] {logging_mixin.py:188} INFO - Uploaded /tmp/minio_downloads/1760976798.json to Snowflake stage
[2025-10-21T04:15:18.626+0000] {logging_mixin.py:188} INFO - Uploaded /tmp/minio_downloads/1760976805.json to Snowflake stage
[2025-10-21T04:15:18.764+0000] {logging_mixin.py:188} INFO - Uploaded /tmp/minio_downloads/1760976812.json to Snowflake stage
[2025-10-21T04:15:18.894+0000] {logging_mixin.py:188} INFO - Uploaded /tmp/minio_downloads/1760976819.json to Snowflake stage
[2025-10-21T04:15:19.051+0000] {logging_mixin.py:188} INFO - Uploaded /tmp/minio_downloads/1760976826.json to Snowflake stage
[2025-10-21T04:15:19.188+0000] {logging_mixin.py:188} INFO - Uploaded /tmp/minio_downloads/1760976833.json to Snowflake stage
[2025-10-21T04:15:19.320+0000] {logging_mixin.py:188} INFO - Uploaded /tmp/minio_downloads/1760976841.json to Snowflake stage
[2025-10-21T04:15:19.455+0000] {logging_mixin.py:188} INFO - Uploaded /tmp/minio_downloads/1760976848.json to Snowflake stage
[2025-10-21T04:15:19.588+0000] {logging_mixin.py:188} INFO - Uploaded /tmp/minio_downloads/1760976855.json to Snowflake stage
[2025-10-21T04:15:19.758+0000] {logging_mixin.py:188} INFO - Uploaded /tmp/minio_downloads/1760976863.json to Snowflake stage
[2025-10-21T04:15:19.886+0000] {logging_mixin.py:188} INFO - Uploaded /tmp/minio_downloads/1760976870.json to Snowflake stage
[2025-10-21T04:15:20.030+0000] {logging_mixin.py:188} INFO - Uploaded /tmp/minio_downloads/1760976877.json to Snowflake stage
[2025-10-21T04:15:20.174+0000] {logging_mixin.py:188} INFO - Uploaded /tmp/minio_downloads/1760976885.json to Snowflake stage
[2025-10-21T04:15:20.310+0000] {logging_mixin.py:188} INFO - Uploaded /tmp/minio_downloads/1760976892.json to Snowflake stage
[2025-10-21T04:15:20.592+0000] {logging_mixin.py:188} INFO - Uploaded /tmp/minio_downloads/1760976899.json to Snowflake stage
[2025-10-21T04:15:20.728+0000] {logging_mixin.py:188} INFO - Uploaded /tmp/minio_downloads/1760976906.json to Snowflake stage
[2025-10-21T04:15:20.873+0000] {logging_mixin.py:188} INFO - Uploaded /tmp/minio_downloads/1760976914.json to Snowflake stage
[2025-10-21T04:15:21.060+0000] {logging_mixin.py:188} INFO - Uploaded /tmp/minio_downloads/1760976921.json to Snowflake stage
[2025-10-21T04:15:21.198+0000] {logging_mixin.py:188} INFO - Uploaded /tmp/minio_downloads/1760976928.json to Snowflake stage
[2025-10-21T04:15:21.317+0000] {logging_mixin.py:188} INFO - Uploaded /tmp/minio_downloads/1760976936.json to Snowflake stage
[2025-10-21T04:15:21.508+0000] {logging_mixin.py:188} INFO - Uploaded /tmp/minio_downloads/1760976943.json to Snowflake stage
[2025-10-21T04:15:21.645+0000] {logging_mixin.py:188} INFO - Uploaded /tmp/minio_downloads/1760976951.json to Snowflake stage
[2025-10-21T04:15:21.777+0000] {logging_mixin.py:188} INFO - Uploaded /tmp/minio_downloads/1760976958.json to Snowflake stage
[2025-10-21T04:15:21.904+0000] {logging_mixin.py:188} INFO - Uploaded /tmp/minio_downloads/1760976967.json to Snowflake stage
[2025-10-21T04:15:22.066+0000] {logging_mixin.py:188} INFO - Uploaded /tmp/minio_downloads/1760976978.json to Snowflake stage
[2025-10-21T04:15:22.194+0000] {logging_mixin.py:188} INFO - Uploaded /tmp/minio_downloads/1760976985.json to Snowflake stage
[2025-10-21T04:15:22.337+0000] {logging_mixin.py:188} INFO - Uploaded /tmp/minio_downloads/1760976992.json to Snowflake stage
[2025-10-21T04:15:22.663+0000] {logging_mixin.py:188} INFO - Uploaded /tmp/minio_downloads/1760976999.json to Snowflake stage
[2025-10-21T04:15:22.790+0000] {logging_mixin.py:188} INFO - Uploaded /tmp/minio_downloads/1760977007.json to Snowflake stage
[2025-10-21T04:15:22.947+0000] {logging_mixin.py:188} INFO - Uploaded /tmp/minio_downloads/1760977014.json to Snowflake stage
[2025-10-21T04:15:23.124+0000] {logging_mixin.py:188} INFO - Uploaded /tmp/minio_downloads/1760977022.json to Snowflake stage
[2025-10-21T04:15:23.252+0000] {logging_mixin.py:188} INFO - Uploaded /tmp/minio_downloads/1760977030.json to Snowflake stage
[2025-10-21T04:15:23.431+0000] {logging_mixin.py:188} INFO - Uploaded /tmp/minio_downloads/1760977038.json to Snowflake stage
[2025-10-21T04:15:23.588+0000] {logging_mixin.py:188} INFO - Uploaded /tmp/minio_downloads/1760977045.json to Snowflake stage
[2025-10-21T04:15:23.745+0000] {logging_mixin.py:188} INFO - Uploaded /tmp/minio_downloads/1760977054.json to Snowflake stage
[2025-10-21T04:15:23.899+0000] {logging_mixin.py:188} INFO - Uploaded /tmp/minio_downloads/1760977061.json to Snowflake stage
[2025-10-21T04:15:24.062+0000] {logging_mixin.py:188} INFO - Uploaded /tmp/minio_downloads/1760977069.json to Snowflake stage
[2025-10-21T04:15:24.209+0000] {logging_mixin.py:188} INFO - Uploaded /tmp/minio_downloads/1760977077.json to Snowflake stage
[2025-10-21T04:15:24.347+0000] {logging_mixin.py:188} INFO - Uploaded /tmp/minio_downloads/1760977084.json to Snowflake stage
[2025-10-21T04:15:24.502+0000] {logging_mixin.py:188} INFO - Uploaded /tmp/minio_downloads/1760977091.json to Snowflake stage
[2025-10-21T04:15:24.643+0000] {logging_mixin.py:188} INFO - Uploaded /tmp/minio_downloads/1760977099.json to Snowflake stage
[2025-10-21T04:15:24.777+0000] {logging_mixin.py:188} INFO - Uploaded /tmp/minio_downloads/1760977106.json to Snowflake stage
[2025-10-21T04:15:24.919+0000] {logging_mixin.py:188} INFO - Uploaded /tmp/minio_downloads/1760977113.json to Snowflake stage
[2025-10-21T04:15:25.040+0000] {logging_mixin.py:188} INFO - Uploaded /tmp/minio_downloads/1760977120.json to Snowflake stage
[2025-10-21T04:15:25.204+0000] {logging_mixin.py:188} INFO - Uploaded /tmp/minio_downloads/1760977128.json to Snowflake stage
[2025-10-21T04:15:25.336+0000] {logging_mixin.py:188} INFO - Uploaded /tmp/minio_downloads/1760977135.json to Snowflake stage
[2025-10-21T04:15:25.530+0000] {logging_mixin.py:188} INFO - Uploaded /tmp/minio_downloads/1760977142.json to Snowflake stage
[2025-10-21T04:15:25.773+0000] {logging_mixin.py:188} INFO - Uploaded /tmp/minio_downloads/1760977150.json to Snowflake stage
[2025-10-21T04:15:25.941+0000] {logging_mixin.py:188} INFO - Uploaded /tmp/minio_downloads/1760977159.json to Snowflake stage
[2025-10-21T04:15:26.122+0000] {logging_mixin.py:188} INFO - Uploaded /tmp/minio_downloads/1760977167.json to Snowflake stage
[2025-10-21T04:15:26.280+0000] {logging_mixin.py:188} INFO - Uploaded /tmp/minio_downloads/1760977174.json to Snowflake stage
[2025-10-21T04:15:26.406+0000] {logging_mixin.py:188} INFO - Uploaded /tmp/minio_downloads/1760977181.json to Snowflake stage
[2025-10-21T04:15:26.541+0000] {logging_mixin.py:188} INFO - Uploaded /tmp/minio_downloads/1760977188.json to Snowflake stage
[2025-10-21T04:15:26.684+0000] {logging_mixin.py:188} INFO - Uploaded /tmp/minio_downloads/1760977196.json to Snowflake stage
[2025-10-21T04:15:26.826+0000] {logging_mixin.py:188} INFO - Uploaded /tmp/minio_downloads/1760977203.json to Snowflake stage
[2025-10-21T04:15:26.942+0000] {logging_mixin.py:188} INFO - Uploaded /tmp/minio_downloads/1760977211.json to Snowflake stage
[2025-10-21T04:15:27.103+0000] {logging_mixin.py:188} INFO - Uploaded /tmp/minio_downloads/1760977218.json to Snowflake stage
[2025-10-21T04:15:27.236+0000] {logging_mixin.py:188} INFO - Uploaded /tmp/minio_downloads/1760977225.json to Snowflake stage
[2025-10-21T04:15:27.405+0000] {logging_mixin.py:188} INFO - Uploaded /tmp/minio_downloads/1760977232.json to Snowflake stage
[2025-10-21T04:15:27.527+0000] {logging_mixin.py:188} INFO - Uploaded /tmp/minio_downloads/1760977241.json to Snowflake stage
[2025-10-21T04:15:48.739+0000] {connectionpool.py:824} WARNING - Retrying (Retry(total=0, connect=None, read=None, redirect=None, status=None)) after connection broken by 'ProtocolError('Connection aborted.', RemoteDisconnected('Remote end closed connection without response'))': /tableszz87647f94-ea4c-4c8a-929b-fa5d4b32c3ca/1760977248.json.gz?sv=2021-04-10&se=2025-10-21T05%3A46%3A44Z&skoid=e80e9faa-143a-4b5e-9367-d848b91c006a&sktid=e4d47aa2-dcac-479c-86bd-3e359a37bf12&skt=2025-10-20T19%3A38%3A54Z&ske=2025-10-27T19%3A37%3A54Z&sks=b&skv=2021-04-10&sr=c&sp=racwdl&sig=aMfuzJ58%2BRtC4GPDpnSxcIXQ0zIgJ1XEW5h7Od9G8U4%3D
[2025-10-21T04:15:49.252+0000] {logging_mixin.py:188} INFO - Uploaded /tmp/minio_downloads/1760977248.json to Snowflake stage
[2025-10-21T04:48:03.979+0000] {connectionpool.py:824} WARNING - Retrying (Retry(total=0, connect=None, read=None, redirect=None, status=None)) after connection broken by 'ProtocolError('Connection aborted.', RemoteDisconnected('Remote end closed connection without response'))': /tableszz87647f94-ea4c-4c8a-929b-fa5d4b32c3ca/1760977255.json.gz?sv=2021-04-10&se=2025-10-21T06%3A15%3A04Z&skoid=e80e9faa-143a-4b5e-9367-d848b91c006a&sktid=e4d47aa2-dcac-479c-86bd-3e359a37bf12&skt=2025-10-20T20%3A43%3A46Z&ske=2025-10-27T20%3A42%3A46Z&sks=b&skv=2021-04-10&sr=c&sp=racwdl&sig=3gJIz%2BHPAFhW%2Bu134hH%2FuptyM6kPm6HyruU%2FwCWwkYw%3D
[2025-10-21T04:48:04.608+0000] {logging_mixin.py:188} INFO - Uploaded /tmp/minio_downloads/1760977255.json to Snowflake stage
[2025-10-21T05:16:20.699+0000] {connectionpool.py:824} WARNING - Retrying (Retry(total=0, connect=None, read=None, redirect=None, status=None)) after connection broken by 'ProtocolError('Connection aborted.', RemoteDisconnected('Remote end closed connection without response'))': /tableszz87647f94-ea4c-4c8a-929b-fa5d4b32c3ca/1760977262.json.gz?sv=2021-04-10&se=2025-10-21T07%3A15%3A48Z&skoid=e80e9faa-143a-4b5e-9367-d848b91c006a&sktid=e4d47aa2-dcac-479c-86bd-3e359a37bf12&skt=2025-10-20T19%3A38%3A54Z&ske=2025-10-27T19%3A37%3A54Z&sks=b&skv=2021-04-10&sr=c&sp=racwdl&sig=7Emel0QnCqVFN4GzPmtByrD7x3VfgAyWnkOAggqQ9XI%3D
[2025-10-21T05:16:20.934+0000] {logging_mixin.py:188} INFO - Uploaded /tmp/minio_downloads/1760977262.json to Snowflake stage
[2025-10-21T05:16:21.233+0000] {logging_mixin.py:188} INFO - Uploaded /tmp/minio_downloads/1760977270.json to Snowflake stage
[2025-10-21T05:16:21.507+0000] {logging_mixin.py:188} INFO - Uploaded /tmp/minio_downloads/1760977278.json to Snowflake stage
[2025-10-21T05:16:22.184+0000] {logging_mixin.py:188} INFO - Uploaded /tmp/minio_downloads/1760977285.json to Snowflake stage
[2025-10-21T05:16:22.283+0000] {logging_mixin.py:188} INFO - Uploaded /tmp/minio_downloads/1760977292.json to Snowflake stage
[2025-10-21T05:16:22.394+0000] {logging_mixin.py:188} INFO - Uploaded /tmp/minio_downloads/1760977299.json to Snowflake stage
[2025-10-21T05:16:22.510+0000] {logging_mixin.py:188} INFO - Uploaded /tmp/minio_downloads/1760977307.json to Snowflake stage
[2025-10-21T05:16:22.634+0000] {logging_mixin.py:188} INFO - Uploaded /tmp/minio_downloads/1760977315.json to Snowflake stage
[2025-10-21T05:16:22.748+0000] {logging_mixin.py:188} INFO - Uploaded /tmp/minio_downloads/1760977322.json to Snowflake stage
[2025-10-21T05:16:22.878+0000] {logging_mixin.py:188} INFO - Uploaded /tmp/minio_downloads/1760977331.json to Snowflake stage
[2025-10-21T05:16:22.994+0000] {logging_mixin.py:188} INFO - Uploaded /tmp/minio_downloads/1760977338.json to Snowflake stage
[2025-10-21T05:16:23.119+0000] {logging_mixin.py:188} INFO - Uploaded /tmp/minio_downloads/1760977345.json to Snowflake stage
[2025-10-21T05:16:23.240+0000] {logging_mixin.py:188} INFO - Uploaded /tmp/minio_downloads/1760977352.json to Snowflake stage
[2025-10-21T05:16:23.367+0000] {logging_mixin.py:188} INFO - Uploaded /tmp/minio_downloads/1760977359.json to Snowflake stage
[2025-10-21T05:16:23.493+0000] {logging_mixin.py:188} INFO - Uploaded /tmp/minio_downloads/1760977366.json to Snowflake stage
[2025-10-21T05:16:23.637+0000] {logging_mixin.py:188} INFO - Uploaded /tmp/minio_downloads/1760977375.json to Snowflake stage
[2025-10-21T05:16:23.752+0000] {logging_mixin.py:188} INFO - Uploaded /tmp/minio_downloads/1760977382.json to Snowflake stage
[2025-10-21T05:16:23.866+0000] {logging_mixin.py:188} INFO - Uploaded /tmp/minio_downloads/1760977389.json to Snowflake stage
[2025-10-21T05:16:24.000+0000] {logging_mixin.py:188} INFO - Uploaded /tmp/minio_downloads/1760977397.json to Snowflake stage
[2025-10-21T05:16:24.120+0000] {logging_mixin.py:188} INFO - Uploaded /tmp/minio_downloads/1760977406.json to Snowflake stage
[2025-10-21T05:16:24.236+0000] {logging_mixin.py:188} INFO - Uploaded /tmp/minio_downloads/1760977415.json to Snowflake stage
[2025-10-21T05:16:24.355+0000] {logging_mixin.py:188} INFO - Uploaded /tmp/minio_downloads/1760977422.json to Snowflake stage
[2025-10-21T05:16:24.475+0000] {logging_mixin.py:188} INFO - Uploaded /tmp/minio_downloads/1760977429.json to Snowflake stage
[2025-10-21T05:16:24.622+0000] {logging_mixin.py:188} INFO - Uploaded /tmp/minio_downloads/1760977437.json to Snowflake stage
[2025-10-21T05:16:24.735+0000] {logging_mixin.py:188} INFO - Uploaded /tmp/minio_downloads/1760977444.json to Snowflake stage
[2025-10-21T05:16:24.853+0000] {logging_mixin.py:188} INFO - Uploaded /tmp/minio_downloads/1760977451.json to Snowflake stage
[2025-10-21T05:16:24.972+0000] {logging_mixin.py:188} INFO - Uploaded /tmp/minio_downloads/1760977459.json to Snowflake stage
[2025-10-21T05:16:25.088+0000] {logging_mixin.py:188} INFO - Uploaded /tmp/minio_downloads/1760977466.json to Snowflake stage
[2025-10-21T05:16:25.205+0000] {logging_mixin.py:188} INFO - Uploaded /tmp/minio_downloads/1760977473.json to Snowflake stage
[2025-10-21T05:16:25.596+0000] {logging_mixin.py:188} INFO - Uploaded /tmp/minio_downloads/1760977480.json to Snowflake stage
[2025-10-21T05:16:25.713+0000] {logging_mixin.py:188} INFO - Uploaded /tmp/minio_downloads/1760977487.json to Snowflake stage
[2025-10-21T05:16:25.840+0000] {logging_mixin.py:188} INFO - Uploaded /tmp/minio_downloads/1760977494.json to Snowflake stage
[2025-10-21T05:16:25.955+0000] {logging_mixin.py:188} INFO - Uploaded /tmp/minio_downloads/1760977501.json to Snowflake stage
[2025-10-21T05:16:26.093+0000] {logging_mixin.py:188} INFO - Uploaded /tmp/minio_downloads/1760977509.json to Snowflake stage
[2025-10-21T05:16:26.214+0000] {logging_mixin.py:188} INFO - Uploaded /tmp/minio_downloads/1760977516.json to Snowflake stage
[2025-10-21T05:16:26.336+0000] {logging_mixin.py:188} INFO - Uploaded /tmp/minio_downloads/1760977523.json to Snowflake stage
[2025-10-21T05:16:26.456+0000] {logging_mixin.py:188} INFO - Uploaded /tmp/minio_downloads/1760977531.json to Snowflake stage
[2025-10-21T05:16:26.575+0000] {logging_mixin.py:188} INFO - Uploaded /tmp/minio_downloads/1760977538.json to Snowflake stage
[2025-10-21T05:16:26.692+0000] {logging_mixin.py:188} INFO - Uploaded /tmp/minio_downloads/1760977545.json to Snowflake stage
[2025-10-21T05:16:26.803+0000] {logging_mixin.py:188} INFO - Uploaded /tmp/minio_downloads/1760977552.json to Snowflake stage
[2025-10-21T05:16:26.955+0000] {logging_mixin.py:188} INFO - Uploaded /tmp/minio_downloads/1760977560.json to Snowflake stage
[2025-10-21T05:16:27.068+0000] {logging_mixin.py:188} INFO - Uploaded /tmp/minio_downloads/1760977567.json to Snowflake stage
[2025-10-21T05:16:27.196+0000] {logging_mixin.py:188} INFO - Uploaded /tmp/minio_downloads/1760977575.json to Snowflake stage
[2025-10-21T05:16:27.328+0000] {logging_mixin.py:188} INFO - Uploaded /tmp/minio_downloads/1760977584.json to Snowflake stage
[2025-10-21T05:16:27.480+0000] {logging_mixin.py:188} INFO - Uploaded /tmp/minio_downloads/1760977591.json to Snowflake stage
[2025-10-21T05:16:27.609+0000] {logging_mixin.py:188} INFO - Uploaded /tmp/minio_downloads/1760977598.json to Snowflake stage
[2025-10-21T05:16:27.726+0000] {logging_mixin.py:188} INFO - Uploaded /tmp/minio_downloads/1760977605.json to Snowflake stage
[2025-10-21T05:16:28.182+0000] {logging_mixin.py:188} INFO - Uploaded /tmp/minio_downloads/1760977612.json to Snowflake stage
[2025-10-21T05:16:28.305+0000] {logging_mixin.py:188} INFO - Uploaded /tmp/minio_downloads/1760977619.json to Snowflake stage
[2025-10-21T05:16:28.435+0000] {logging_mixin.py:188} INFO - Uploaded /tmp/minio_downloads/1760977626.json to Snowflake stage
[2025-10-21T05:16:28.555+0000] {logging_mixin.py:188} INFO - Uploaded /tmp/minio_downloads/1760977634.json to Snowflake stage
[2025-10-21T05:16:28.670+0000] {logging_mixin.py:188} INFO - Uploaded /tmp/minio_downloads/1760977641.json to Snowflake stage
[2025-10-21T05:16:28.797+0000] {logging_mixin.py:188} INFO - Uploaded /tmp/minio_downloads/1760977649.json to Snowflake stage
[2025-10-21T05:16:29.006+0000] {logging_mixin.py:188} INFO - Uploaded /tmp/minio_downloads/1760977657.json to Snowflake stage
[2025-10-21T05:16:29.130+0000] {logging_mixin.py:188} INFO - Uploaded /tmp/minio_downloads/1760977664.json to Snowflake stage
[2025-10-21T05:16:29.264+0000] {logging_mixin.py:188} INFO - Uploaded /tmp/minio_downloads/1760977671.json to Snowflake stage
[2025-10-21T05:16:29.404+0000] {logging_mixin.py:188} INFO - Uploaded /tmp/minio_downloads/1760977680.json to Snowflake stage
[2025-10-21T05:16:29.526+0000] {logging_mixin.py:188} INFO - Uploaded /tmp/minio_downloads/1760977687.json to Snowflake stage
[2025-10-21T05:16:29.657+0000] {logging_mixin.py:188} INFO - Uploaded /tmp/minio_downloads/1760977694.json to Snowflake stage
[2025-10-21T05:16:29.783+0000] {logging_mixin.py:188} INFO - Uploaded /tmp/minio_downloads/1760977701.json to Snowflake stage
[2025-10-21T05:16:29.908+0000] {logging_mixin.py:188} INFO - Uploaded /tmp/minio_downloads/1760977708.json to Snowflake stage
[2025-10-21T05:16:30.031+0000] {logging_mixin.py:188} INFO - Uploaded /tmp/minio_downloads/1760977717.json to Snowflake stage
[2025-10-21T05:16:30.172+0000] {logging_mixin.py:188} INFO - Uploaded /tmp/minio_downloads/1760977725.json to Snowflake stage
[2025-10-21T05:16:30.294+0000] {logging_mixin.py:188} INFO - Uploaded /tmp/minio_downloads/1760977732.json to Snowflake stage
[2025-10-21T05:16:30.416+0000] {logging_mixin.py:188} INFO - Uploaded /tmp/minio_downloads/1760977739.json to Snowflake stage
[2025-10-21T05:16:30.563+0000] {logging_mixin.py:188} INFO - Uploaded /tmp/minio_downloads/1760977746.json to Snowflake stage
[2025-10-21T05:16:30.687+0000] {logging_mixin.py:188} INFO - Uploaded /tmp/minio_downloads/1760977753.json to Snowflake stage
[2025-10-21T05:16:30.811+0000] {logging_mixin.py:188} INFO - Uploaded /tmp/minio_downloads/1760977760.json to Snowflake stage
[2025-10-21T05:16:30.927+0000] {logging_mixin.py:188} INFO - Uploaded /tmp/minio_downloads/1760977767.json to Snowflake stage
[2025-10-21T05:16:31.051+0000] {logging_mixin.py:188} INFO - Uploaded /tmp/minio_downloads/1760977775.json to Snowflake stage
[2025-10-21T05:16:31.170+0000] {logging_mixin.py:188} INFO - Uploaded /tmp/minio_downloads/1760977782.json to Snowflake stage
[2025-10-21T05:16:31.299+0000] {logging_mixin.py:188} INFO - Uploaded /tmp/minio_downloads/1760977789.json to Snowflake stage
[2025-10-21T05:16:31.430+0000] {logging_mixin.py:188} INFO - Uploaded /tmp/minio_downloads/1760977797.json to Snowflake stage
[2025-10-21T05:16:31.552+0000] {logging_mixin.py:188} INFO - Uploaded /tmp/minio_downloads/1760977804.json to Snowflake stage
[2025-10-21T05:16:31.676+0000] {logging_mixin.py:188} INFO - Uploaded /tmp/minio_downloads/1760977811.json to Snowflake stage
[2025-10-21T05:16:31.794+0000] {logging_mixin.py:188} INFO - Uploaded /tmp/minio_downloads/1760977818.json to Snowflake stage
[2025-10-21T05:16:31.904+0000] {logging_mixin.py:188} INFO - Uploaded /tmp/minio_downloads/1760977825.json to Snowflake stage
[2025-10-21T05:16:32.051+0000] {logging_mixin.py:188} INFO - Uploaded /tmp/minio_downloads/1760977833.json to Snowflake stage
[2025-10-21T05:16:32.175+0000] {logging_mixin.py:188} INFO - Uploaded /tmp/minio_downloads/1760977840.json to Snowflake stage
[2025-10-21T05:16:32.294+0000] {logging_mixin.py:188} INFO - Uploaded /tmp/minio_downloads/1760977847.json to Snowflake stage
[2025-10-21T05:16:32.421+0000] {logging_mixin.py:188} INFO - Uploaded /tmp/minio_downloads/1760977854.json to Snowflake stage
[2025-10-21T05:16:32.543+0000] {logging_mixin.py:188} INFO - Uploaded /tmp/minio_downloads/1760977862.json to Snowflake stage
[2025-10-21T05:16:32.952+0000] {logging_mixin.py:188} INFO - Uploaded /tmp/minio_downloads/1760977870.json to Snowflake stage
[2025-10-21T05:16:33.073+0000] {logging_mixin.py:188} INFO - Uploaded /tmp/minio_downloads/1760977877.json to Snowflake stage
[2025-10-21T05:16:33.248+0000] {logging_mixin.py:188} INFO - Uploaded /tmp/minio_downloads/1760977884.json to Snowflake stage
[2025-10-21T05:16:33.372+0000] {logging_mixin.py:188} INFO - Uploaded /tmp/minio_downloads/1760977892.json to Snowflake stage
[2025-10-21T05:16:33.508+0000] {logging_mixin.py:188} INFO - Uploaded /tmp/minio_downloads/1760977899.json to Snowflake stage
[2025-10-21T05:16:33.625+0000] {logging_mixin.py:188} INFO - Uploaded /tmp/minio_downloads/1760977906.json to Snowflake stage
[2025-10-21T05:16:33.757+0000] {logging_mixin.py:188} INFO - Uploaded /tmp/minio_downloads/1760977915.json to Snowflake stage
[2025-10-21T05:16:33.875+0000] {logging_mixin.py:188} INFO - Uploaded /tmp/minio_downloads/1760977923.json to Snowflake stage
[2025-10-21T05:16:34.005+0000] {logging_mixin.py:188} INFO - Uploaded /tmp/minio_downloads/1760977930.json to Snowflake stage
[2025-10-21T05:16:34.122+0000] {logging_mixin.py:188} INFO - Uploaded /tmp/minio_downloads/1760977937.json to Snowflake stage
[2025-10-21T05:32:50.071+0000] {connectionpool.py:824} WARNING - Retrying (Retry(total=0, connect=None, read=None, redirect=None, status=None)) after connection broken by 'ProtocolError('Connection aborted.', RemoteDisconnected('Remote end closed connection without response'))': /tableszz87647f94-ea4c-4c8a-929b-fa5d4b32c3ca/1760977944.json.gz?sv=2021-04-10&se=2025-10-21T07%3A15%3A48Z&skoid=e80e9faa-143a-4b5e-9367-d848b91c006a&sktid=e4d47aa2-dcac-479c-86bd-3e359a37bf12&skt=2025-10-20T19%3A38%3A54Z&ske=2025-10-27T19%3A37%3A54Z&sks=b&skv=2021-04-10&sr=c&sp=racwdl&sig=7Emel0QnCqVFN4GzPmtByrD7x3VfgAyWnkOAggqQ9XI%3D
[2025-10-21T05:32:51.198+0000] {logging_mixin.py:188} INFO - Uploaded /tmp/minio_downloads/1760977944.json to Snowflake stage
[2025-10-21T05:48:54.995+0000] {logging_mixin.py:188} INFO - Uploaded /tmp/minio_downloads/1760977953.json to Snowflake stage
[2025-10-21T05:48:55.231+0000] {logging_mixin.py:188} INFO - Uploaded /tmp/minio_downloads/1760977960.json to Snowflake stage
[2025-10-21T05:48:55.366+0000] {logging_mixin.py:188} INFO - Uploaded /tmp/minio_downloads/1760977968.json to Snowflake stage
[2025-10-21T05:48:55.505+0000] {logging_mixin.py:188} INFO - Uploaded /tmp/minio_downloads/1760977975.json to Snowflake stage
[2025-10-21T05:48:55.813+0000] {logging_mixin.py:188} INFO - Uploaded /tmp/minio_downloads/1760977982.json to Snowflake stage
[2025-10-21T05:48:55.937+0000] {logging_mixin.py:188} INFO - Uploaded /tmp/minio_downloads/1760977989.json to Snowflake stage
[2025-10-21T05:48:56.066+0000] {logging_mixin.py:188} INFO - Uploaded /tmp/minio_downloads/1760977997.json to Snowflake stage
[2025-10-21T05:48:56.271+0000] {logging_mixin.py:188} INFO - Uploaded /tmp/minio_downloads/1760978004.json to Snowflake stage
[2025-10-21T05:48:56.406+0000] {logging_mixin.py:188} INFO - Uploaded /tmp/minio_downloads/1760978011.json to Snowflake stage
[2025-10-21T05:48:56.544+0000] {logging_mixin.py:188} INFO - Uploaded /tmp/minio_downloads/1760978018.json to Snowflake stage
[2025-10-21T05:48:56.675+0000] {logging_mixin.py:188} INFO - Uploaded /tmp/minio_downloads/1760978026.json to Snowflake stage
[2025-10-21T05:48:56.808+0000] {logging_mixin.py:188} INFO - Uploaded /tmp/minio_downloads/1760978033.json to Snowflake stage
[2025-10-21T05:48:56.936+0000] {logging_mixin.py:188} INFO - Uploaded /tmp/minio_downloads/1760978040.json to Snowflake stage
[2025-10-21T05:48:57.076+0000] {logging_mixin.py:188} INFO - Uploaded /tmp/minio_downloads/1760978047.json to Snowflake stage
[2025-10-21T05:48:57.210+0000] {logging_mixin.py:188} INFO - Uploaded /tmp/minio_downloads/1760978054.json to Snowflake stage
[2025-10-21T05:48:57.351+0000] {logging_mixin.py:188} INFO - Uploaded /tmp/minio_downloads/1760978061.json to Snowflake stage
[2025-10-21T05:48:57.510+0000] {logging_mixin.py:188} INFO - Uploaded /tmp/minio_downloads/1760978069.json to Snowflake stage
[2025-10-21T05:48:57.648+0000] {logging_mixin.py:188} INFO - Uploaded /tmp/minio_downloads/1760978076.json to Snowflake stage
[2025-10-21T05:48:57.781+0000] {logging_mixin.py:188} INFO - Uploaded /tmp/minio_downloads/1760978083.json to Snowflake stage
[2025-10-21T05:48:57.916+0000] {logging_mixin.py:188} INFO - Uploaded /tmp/minio_downloads/1760978090.json to Snowflake stage
[2025-10-21T05:48:58.074+0000] {logging_mixin.py:188} INFO - Uploaded /tmp/minio_downloads/1760978098.json to Snowflake stage
[2025-10-21T05:48:58.208+0000] {logging_mixin.py:188} INFO - Uploaded /tmp/minio_downloads/1760978105.json to Snowflake stage
[2025-10-21T06:04:50.365+0000] {taskinstance.py:441} INFO - ::group::Post task execution logs
[2025-10-21T06:04:50.368+0000] {taskinstance.py:2905} ERROR - Task failed with exception
Traceback (most recent call last):
  File "/home/airflow/.local/lib/python3.12/site-packages/airflow/models/taskinstance.py", line 465, in _execute_task
    result = _execute_callable(context=context, **execute_callable_kwargs)
             ^^^^^^^^^^^^^^^^^^^^^^^^^^^^^^^^^^^^^^^^^^^^^^^^^^^^^^^^^^^^^
  File "/home/airflow/.local/lib/python3.12/site-packages/airflow/models/taskinstance.py", line 432, in _execute_callable
    return execute_callable(context=context, **execute_callable_kwargs)
           ^^^^^^^^^^^^^^^^^^^^^^^^^^^^^^^^^^^^^^^^^^^^^^^^^^^^^^^^^^^^
  File "/home/airflow/.local/lib/python3.12/site-packages/airflow/models/baseoperator.py", line 401, in wrapper
    return func(self, *args, **kwargs)
           ^^^^^^^^^^^^^^^^^^^^^^^^^^^
  File "/home/airflow/.local/lib/python3.12/site-packages/airflow/operators/python.py", line 235, in execute
    return_value = self.execute_callable()
                   ^^^^^^^^^^^^^^^^^^^^^^^
  File "/home/airflow/.local/lib/python3.12/site-packages/airflow/operators/python.py", line 252, in execute_callable
    return self.python_callable(*self.op_args, **self.op_kwargs)
           ^^^^^^^^^^^^^^^^^^^^^^^^^^^^^^^^^^^^^^^^^^^^^^^^^^^^^
  File "/opt/airflow/dags/minio_to_snowflake.py", line 56, in load_to_snowflake
    cur.execute(f"PUT file://{f} @%bronze_stock_quotes_raw")
  File "/home/airflow/.local/lib/python3.12/site-packages/snowflake/connector/cursor.py", line 1080, in execute
    Error.errorhandler_wrapper(self.connection, self, error_class, errvalue)
  File "/home/airflow/.local/lib/python3.12/site-packages/snowflake/connector/errors.py", line 290, in errorhandler_wrapper
    handed_over = Error.hand_to_other_handler(
                  ^^^^^^^^^^^^^^^^^^^^^^^^^^^^
  File "/home/airflow/.local/lib/python3.12/site-packages/snowflake/connector/errors.py", line 345, in hand_to_other_handler
    cursor.errorhandler(connection, cursor, error_class, error_value)
  File "/home/airflow/.local/lib/python3.12/site-packages/snowflake/connector/errors.py", line 221, in default_errorhandler
    raise error_class(
snowflake.connector.errors.ProgrammingError: 000612 (02000): None: Result not found
[2025-10-21T06:04:50.388+0000] {taskinstance.py:1206} INFO - Marking task as FAILED. dag_id=minio_to_snowflake, task_id=load_snowflake, run_id=scheduled__2025-10-20T22:00:00+00:00, execution_date=20251020T220000, start_date=20251021T041501, end_date=20251021T060450
[2025-10-21T06:04:50.413+0000] {logging_mixin.py:188} WARNING - /home/***/.local/lib/python3.12/site-packages/***/utils/email.py:154 RemovedInAirflow3Warning: Fetching SMTP credentials from configuration variables will be deprecated in a future release. Please set credentials using a connection instead.
[2025-10-21T06:04:50.413+0000] {configuration.py:1053} WARNING - section/key [smtp/smtp_user] not found in config
[2025-10-21T06:04:50.413+0000] {email.py:271} INFO - Email alerting: attempt 1
[2025-10-21T06:04:50.421+0000] {configuration.py:1053} WARNING - section/key [smtp/smtp_user] not found in config
[2025-10-21T06:04:50.421+0000] {email.py:271} INFO - Email alerting: attempt 1
[2025-10-21T06:04:50.422+0000] {taskinstance.py:879} ERROR - Failed to send email to: ['jupudimanoj74@gmail.com']
Traceback (most recent call last):
  File "/home/airflow/.local/lib/python3.12/site-packages/airflow/models/taskinstance.py", line 2479, in _run_raw_task
    self._execute_task_with_callbacks(context, test_mode, session=session)
  File "/home/airflow/.local/lib/python3.12/site-packages/airflow/models/taskinstance.py", line 2676, in _execute_task_with_callbacks
    result = self._execute_task(context, task_orig)
             ^^^^^^^^^^^^^^^^^^^^^^^^^^^^^^^^^^^^^^
  File "/home/airflow/.local/lib/python3.12/site-packages/airflow/models/taskinstance.py", line 2701, in _execute_task
    return _execute_task(self, context, task_orig)
           ^^^^^^^^^^^^^^^^^^^^^^^^^^^^^^^^^^^^^^^
  File "/home/airflow/.local/lib/python3.12/site-packages/airflow/models/taskinstance.py", line 465, in _execute_task
    result = _execute_callable(context=context, **execute_callable_kwargs)
             ^^^^^^^^^^^^^^^^^^^^^^^^^^^^^^^^^^^^^^^^^^^^^^^^^^^^^^^^^^^^^
  File "/home/airflow/.local/lib/python3.12/site-packages/airflow/models/taskinstance.py", line 432, in _execute_callable
    return execute_callable(context=context, **execute_callable_kwargs)
           ^^^^^^^^^^^^^^^^^^^^^^^^^^^^^^^^^^^^^^^^^^^^^^^^^^^^^^^^^^^^
  File "/home/airflow/.local/lib/python3.12/site-packages/airflow/models/baseoperator.py", line 401, in wrapper
    return func(self, *args, **kwargs)
           ^^^^^^^^^^^^^^^^^^^^^^^^^^^
  File "/home/airflow/.local/lib/python3.12/site-packages/airflow/operators/python.py", line 235, in execute
    return_value = self.execute_callable()
                   ^^^^^^^^^^^^^^^^^^^^^^^
  File "/home/airflow/.local/lib/python3.12/site-packages/airflow/operators/python.py", line 252, in execute_callable
    return self.python_callable(*self.op_args, **self.op_kwargs)
           ^^^^^^^^^^^^^^^^^^^^^^^^^^^^^^^^^^^^^^^^^^^^^^^^^^^^^
  File "/opt/airflow/dags/minio_to_snowflake.py", line 56, in load_to_snowflake
    cur.execute(f"PUT file://{f} @%bronze_stock_quotes_raw")
  File "/home/airflow/.local/lib/python3.12/site-packages/snowflake/connector/cursor.py", line 1080, in execute
    Error.errorhandler_wrapper(self.connection, self, error_class, errvalue)
  File "/home/airflow/.local/lib/python3.12/site-packages/snowflake/connector/errors.py", line 290, in errorhandler_wrapper
    handed_over = Error.hand_to_other_handler(
                  ^^^^^^^^^^^^^^^^^^^^^^^^^^^^
  File "/home/airflow/.local/lib/python3.12/site-packages/snowflake/connector/errors.py", line 345, in hand_to_other_handler
    cursor.errorhandler(connection, cursor, error_class, error_value)
  File "/home/airflow/.local/lib/python3.12/site-packages/snowflake/connector/errors.py", line 221, in default_errorhandler
    raise error_class(
snowflake.connector.errors.ProgrammingError: 000612 (02000): None: Result not found

During handling of the above exception, another exception occurred:

Traceback (most recent call last):
  File "/home/airflow/.local/lib/python3.12/site-packages/airflow/models/taskinstance.py", line 1063, in _email_alert
    send_email(task.email, subject, html_content)
  File "/home/airflow/.local/lib/python3.12/site-packages/airflow/utils/email.py", line 80, in send_email
    return backend(
           ^^^^^^^^
  File "/home/airflow/.local/lib/python3.12/site-packages/airflow/utils/email.py", line 154, in send_email_smtp
    send_mime_email(e_from=mail_from, e_to=recipients, mime_msg=msg, conn_id=conn_id, dryrun=dryrun)
  File "/home/airflow/.local/lib/python3.12/site-packages/airflow/utils/email.py", line 273, in send_mime_email
    smtp_conn = _get_smtp_connection(smtp_host, smtp_port, smtp_timeout, smtp_ssl)
                ^^^^^^^^^^^^^^^^^^^^^^^^^^^^^^^^^^^^^^^^^^^^^^^^^^^^^^^^^^^^^^^^^^
  File "/home/airflow/.local/lib/python3.12/site-packages/airflow/utils/email.py", line 317, in _get_smtp_connection
    return smtplib.SMTP(host=host, port=port, timeout=timeout)
           ^^^^^^^^^^^^^^^^^^^^^^^^^^^^^^^^^^^^^^^^^^^^^^^^^^^
  File "/usr/local/lib/python3.12/smtplib.py", line 255, in __init__
    (code, msg) = self.connect(host, port)
                  ^^^^^^^^^^^^^^^^^^^^^^^^
  File "/usr/local/lib/python3.12/smtplib.py", line 341, in connect
    self.sock = self._get_socket(host, port, self.timeout)
                ^^^^^^^^^^^^^^^^^^^^^^^^^^^^^^^^^^^^^^^^^^
  File "/usr/local/lib/python3.12/smtplib.py", line 312, in _get_socket
    return socket.create_connection((host, port), timeout,
           ^^^^^^^^^^^^^^^^^^^^^^^^^^^^^^^^^^^^^^^^^^^^^^^
  File "/usr/local/lib/python3.12/socket.py", line 853, in create_connection
    raise exceptions[0]
  File "/usr/local/lib/python3.12/socket.py", line 838, in create_connection
    sock.connect(sa)
ConnectionRefusedError: [Errno 111] Connection refused

During handling of the above exception, another exception occurred:

Traceback (most recent call last):
  File "/home/airflow/.local/lib/python3.12/site-packages/airflow/models/taskinstance.py", line 877, in _handle_failure
    task_instance.email_alert(error, failure_context["task"])
  File "/home/airflow/.local/lib/python3.12/site-packages/airflow/models/taskinstance.py", line 3163, in email_alert
    _email_alert(task_instance=self, exception=exception, task=task)
  File "/home/airflow/.local/lib/python3.12/site-packages/airflow/models/taskinstance.py", line 1065, in _email_alert
    send_email(task.email, subject, html_content_err)
  File "/home/airflow/.local/lib/python3.12/site-packages/airflow/utils/email.py", line 80, in send_email
    return backend(
           ^^^^^^^^
  File "/home/airflow/.local/lib/python3.12/site-packages/airflow/utils/email.py", line 154, in send_email_smtp
    send_mime_email(e_from=mail_from, e_to=recipients, mime_msg=msg, conn_id=conn_id, dryrun=dryrun)
  File "/home/airflow/.local/lib/python3.12/site-packages/airflow/utils/email.py", line 273, in send_mime_email
    smtp_conn = _get_smtp_connection(smtp_host, smtp_port, smtp_timeout, smtp_ssl)
                ^^^^^^^^^^^^^^^^^^^^^^^^^^^^^^^^^^^^^^^^^^^^^^^^^^^^^^^^^^^^^^^^^^
  File "/home/airflow/.local/lib/python3.12/site-packages/airflow/utils/email.py", line 317, in _get_smtp_connection
    return smtplib.SMTP(host=host, port=port, timeout=timeout)
           ^^^^^^^^^^^^^^^^^^^^^^^^^^^^^^^^^^^^^^^^^^^^^^^^^^^
  File "/usr/local/lib/python3.12/smtplib.py", line 255, in __init__
    (code, msg) = self.connect(host, port)
                  ^^^^^^^^^^^^^^^^^^^^^^^^
  File "/usr/local/lib/python3.12/smtplib.py", line 341, in connect
    self.sock = self._get_socket(host, port, self.timeout)
                ^^^^^^^^^^^^^^^^^^^^^^^^^^^^^^^^^^^^^^^^^^
  File "/usr/local/lib/python3.12/smtplib.py", line 312, in _get_socket
    return socket.create_connection((host, port), timeout,
           ^^^^^^^^^^^^^^^^^^^^^^^^^^^^^^^^^^^^^^^^^^^^^^^
  File "/usr/local/lib/python3.12/socket.py", line 853, in create_connection
    raise exceptions[0]
  File "/usr/local/lib/python3.12/socket.py", line 838, in create_connection
    sock.connect(sa)
ConnectionRefusedError: [Errno 111] Connection refused
[2025-10-21T06:04:50.436+0000] {standard_task_runner.py:110} ERROR - Failed to execute job 82 for task load_snowflake (000612 (02000): None: Result not found; 53649)
[2025-10-21T06:04:50.456+0000] {local_task_job_runner.py:243} INFO - Task exited with return code 1
[2025-10-21T06:04:50.477+0000] {taskinstance.py:3503} INFO - 0 downstream tasks scheduled from follow-on schedule check
[2025-10-21T06:04:50.480+0000] {local_task_job_runner.py:222} INFO - ::endgroup::
